2023/04/02 | 12:30:09 | Created log file 'MVDL.log'
2023/04/02 | 12:30:10 | Created VideoController 'VSC'
2023/04/02 | 12:30:10 | Created LabelController 'LSC'
2023/04/02 | 12:30:10 | Created MainController 'MC'
2023/04/02 | 12:30:10 | MC open ->
2023/04/02 | 12:30:10 | FileSystem: read bytes 'output.mvdl'
2023/04/02 | 12:30:10 | Created video from byte sequence
2023/04/02 | 12:30:10 | Created Label from byte sequence
2023/04/02 | 12:30:10 | Created LabelledVideo
2023/04/02 | 12:30:10 | LSC pass
2023/04/02 | 12:30:10 | Label: stack 0 is full 11/11
2023/04/02 | 12:30:10 | Label: stack 1 is full 11/11
2023/04/02 | 12:30:10 | Label: stack 2 is full 11/11
2023/04/02 | 12:30:10 | Label: stack 3 is full 11/11
2023/04/02 | 12:30:10 | Label: stack 4 is full 11/11
2023/04/02 | 12:30:10 | Label: stack 5 is full 11/11
2023/04/02 | 12:30:10 | Label: stack 6 is full 11/11
2023/04/02 | 12:30:10 | Label: stack 7 is full 11/11
2023/04/02 | 12:30:10 | Label: stack 8 is full 11/11
2023/04/02 | 12:30:10 | Label: stack 9 is full 11/11
2023/04/02 | 12:30:10 | Label: stack 10 is full 11/11
2023/04/02 | 12:30:10 | Label: stack 11 is full 11/11
2023/04/02 | 12:30:10 | Label: stack 12 is full 11/11
2023/04/02 | 12:30:10 | Label: stack 13 is full 11/11
2023/04/02 | 12:30:10 | Label: stack 14 is full 11/11
2023/04/02 | 12:30:10 | Label: stack 15 is full 11/11
2023/04/02 | 12:30:10 | Label: stack 16 is full 11/11
2023/04/02 | 12:30:10 | Label: stack 17 is full 11/11
2023/04/02 | 12:30:10 | Label: stack 18 is full 11/11
2023/04/02 | 12:30:10 | Label: stack 19 is full 11/11
2023/04/02 | 12:30:10 | Label: stack 20 is full 11/11
2023/04/02 | 12:30:10 | Label: stack 21 is full 11/11
2023/04/02 | 12:30:10 | Label: stack 22 is full 11/11
2023/04/02 | 12:30:10 | Label: stack 23 is full 11/11
2023/04/02 | 12:30:10 | Label: stack 24 is full 11/11
2023/04/02 | 12:30:10 | Label: stack 25 is full 11/11
2023/04/02 | 12:30:10 | Label: stack 26 is full 11/11
2023/04/02 | 12:30:10 | Label: stack 27 is full 11/11
2023/04/02 | 12:30:10 | Label: stack 28 is full 11/11
2023/04/02 | 12:30:10 | Label: stack 29 is full 11/11
2023/04/02 | 12:30:10 | Label: stack 30 is full 11/11
2023/04/02 | 12:30:10 | Label: stack 31 is full 11/11
2023/04/02 | 12:30:10 | Label: stack 32 is full 11/11
2023/04/02 | 12:30:10 | Label: stack 33 is full 11/11
2023/04/02 | 12:30:10 | Label: stack 34 is full 11/11
2023/04/02 | 12:30:10 | Label: stack 35 is full 11/11
2023/04/02 | 12:30:10 | Label: stack 36 is full 11/11
2023/04/02 | 12:30:10 | Label: stack 37 is full 11/11
2023/04/02 | 12:30:10 | Label: stack 38 is full 11/11
2023/04/02 | 12:30:10 | Label: stack 39 is full 11/11
2023/04/02 | 12:30:10 | Label: stack 40 is full 11/11
2023/04/02 | 12:30:10 | Label: stack 41 is full 11/11
2023/04/02 | 12:30:10 | Label: stack 42 is full 11/11
2023/04/02 | 12:30:10 | Label: stack 43 is full 11/11
2023/04/02 | 12:30:10 | Label: stack 44 is full 11/11
2023/04/02 | 12:30:10 | Label: stack 45 is full 11/11
2023/04/02 | 12:30:10 | Label: stack 46 is full 11/11
2023/04/02 | 12:30:10 | Label: stack 47 is full 11/11
2023/04/02 | 12:30:10 | Label: stack 48 is full 11/11
2023/04/02 | 12:30:10 | Label: stack 49 is full 11/11
2023/04/02 | 12:30:10 | Label: stack 50 is full 11/11
2023/04/02 | 12:30:10 | Label: stack 51 is full 11/11
2023/04/02 | 12:30:10 | Label: stack 52 is full 11/11
2023/04/02 | 12:30:10 | Label: stack 53 is full 11/11
2023/04/02 | 12:30:10 | Label: stack 54 is full 11/11
2023/04/02 | 12:30:10 | Label: stack 55 is full 11/11
2023/04/02 | 12:30:10 | Label: stack 56 is full 11/11
2023/04/02 | 12:30:10 | Label: stack 57 is full 11/11
2023/04/02 | 12:30:10 | Label: stack 58 is full 11/11
2023/04/02 | 12:30:10 | Label: stack 59 is full 11/11
2023/04/02 | 12:30:10 | Label: stack 60 is full 11/11
2023/04/02 | 12:30:10 | Label: stack 61 is full 11/11
2023/04/02 | 12:30:10 | Label: stack 62 is full 11/11
2023/04/02 | 12:30:10 | Label: stack 63 is full 11/11
2023/04/02 | 12:30:10 | Label: stack 64 is full 11/11
2023/04/02 | 12:30:10 | Label: stack 65 is full 11/11
2023/04/02 | 12:30:10 | Label: stack 66 is full 11/11
2023/04/02 | 12:30:10 | Label: stack 67 is full 11/11
2023/04/02 | 12:30:10 | Label: stack 68 is full 11/11
2023/04/02 | 12:30:10 | Label: stack 69 is full 11/11
2023/04/02 | 12:30:10 | Label: stack 70 is full 11/11
2023/04/02 | 12:30:10 | Label: stack 71 is full 11/11
2023/04/02 | 12:30:10 | Label: stack 72 is full 11/11
2023/04/02 | 12:30:10 | Label: stack 73 is full 11/11
2023/04/02 | 12:30:10 | Label: stack 74 is full 11/11
2023/04/02 | 12:30:10 | Label: stack 75 is full 11/11
2023/04/02 | 12:30:10 | Label: stack 76 is full 11/11
2023/04/02 | 12:30:10 | Label: stack 77 is full 11/11
2023/04/02 | 12:30:10 | Label: stack 78 is full 11/11
2023/04/02 | 12:30:10 | Label: stack 79 is full 11/11
2023/04/02 | 12:30:10 | Label: stack 80 is full 11/11
2023/04/02 | 12:30:10 | Label: stack 81 is full 11/11
2023/04/02 | 12:30:10 | Label: stack 82 is full 11/11
2023/04/02 | 12:30:10 | Label: stack 83 is full 11/11
2023/04/02 | 12:30:10 | Label: stack 84 is full 11/11
2023/04/02 | 12:30:10 | Label: stack 85 is full 11/11
2023/04/02 | 12:30:10 | Label: stack 86 is full 11/11
2023/04/02 | 12:30:10 | Label: stack 87 is full 11/11
2023/04/02 | 12:30:10 | Label: stack 88 is full 11/11
2023/04/02 | 12:30:10 | Label: stack 89 is full 11/11
2023/04/02 | 12:30:10 | Label: stack 90 is full 11/11
2023/04/02 | 12:30:10 | Label: stack 91 is full 11/11
2023/04/02 | 12:30:10 | Label: stack 92 is full 11/11
2023/04/02 | 12:30:10 | Label: stack 93 is full 11/11
2023/04/02 | 12:30:10 | Label: stack 94 is full 11/11
2023/04/02 | 12:30:10 | Label: stack 95 is full 11/11
2023/04/02 | 12:30:10 | Label: stack 96 is full 11/11
2023/04/02 | 12:30:10 | Label: stack 97 is full 11/11
2023/04/02 | 12:30:10 | Label: stack 98 is full 11/11
2023/04/02 | 12:30:10 | Label: stack 99 is full 11/11
2023/04/02 | 12:30:10 | Label: stack 100 is full 11/11
2023/04/02 | 12:30:10 | Label: stack 101 is full 11/11
2023/04/02 | 12:30:10 | Label: stack 102 is full 11/11
2023/04/02 | 12:30:10 | Label: stack 103 is full 11/11
2023/04/02 | 12:30:10 | Label: stack 104 is full 11/11
2023/04/02 | 12:30:10 | Label: stack 105 is full 11/11
2023/04/02 | 12:30:10 | Label: stack 106 is full 11/11
2023/04/02 | 12:30:10 | Label: stack 107 is full 11/11
2023/04/02 | 12:30:10 | Label: stack 108 is full 11/11
2023/04/02 | 12:30:10 | Label: stack 109 is full 11/11
2023/04/02 | 12:30:10 | Label: stack 110 is full 11/11
2023/04/02 | 12:30:10 | Label: stack 111 is full 11/11
2023/04/02 | 12:30:10 | Label: stack 112 is full 11/11
2023/04/02 | 12:30:10 | Label: stack 113 is full 11/11
2023/04/02 | 12:30:10 | Label: stack 114 is full 11/11
2023/04/02 | 12:30:10 | Label: stack 115 is full 11/11
2023/04/02 | 12:30:10 | Label: stack 116 is full 11/11
2023/04/02 | 12:30:10 | Label: stack 117 is full 11/11
2023/04/02 | 12:30:10 | Label: stack 118 is full 11/11
2023/04/02 | 12:30:10 | Label: stack 119 is full 11/11
2023/04/02 | 12:30:10 | Label: stack 120 is full 11/11
2023/04/02 | 12:30:10 | Label: stack 121 is full 11/11
2023/04/02 | 12:30:10 | Label: stack 122 is full 11/11
2023/04/02 | 12:30:10 | Label: stack 123 is full 11/11
2023/04/02 | 12:30:10 | Label: stack 124 is full 11/11
2023/04/02 | 12:30:10 | Label: stack 125 is full 11/11
2023/04/02 | 12:30:10 | Label: stack 126 is full 11/11
2023/04/02 | 12:30:10 | Label: stack 127 is full 11/11
2023/04/02 | 12:30:10 | Label: stack 128 is full 11/11
2023/04/02 | 12:30:10 | Label: stack 129 is full 11/11
2023/04/02 | 12:30:10 | Label: stack 130 is full 11/11
2023/04/02 | 12:30:10 | Label: stack 131 is full 11/11
2023/04/02 | 12:30:10 | Label: stack 132 is full 11/11
2023/04/02 | 12:30:10 | Label: stack 133 is full 11/11
2023/04/02 | 12:30:10 | Label: stack 134 is full 11/11
2023/04/02 | 12:30:10 | Label: stack 135 is full 11/11
2023/04/02 | 12:30:10 | Label: stack 136 is full 11/11
2023/04/02 | 12:30:10 | Label: stack 137 is full 11/11
2023/04/02 | 12:30:10 | Label: stack 138 is full 11/11
2023/04/02 | 12:30:10 | Label: stack 139 is full 11/11
2023/04/02 | 12:30:10 | Label: stack 140 is full 11/11
2023/04/02 | 12:30:10 | Label: stack 141 is full 11/11
2023/04/02 | 12:30:10 | Label: stack 142 is full 11/11
2023/04/02 | 12:30:10 | Label: stack 143 is full 11/11
2023/04/02 | 12:30:10 | Label: stack 144 is full 11/11
2023/04/02 | 12:30:10 | Label: stack 145 is full 11/11
2023/04/02 | 12:30:10 | Label: stack 146 is full 11/11
2023/04/02 | 12:30:10 | Label: stack 147 is full 11/11
2023/04/02 | 12:30:10 | Label: stack 148 is full 11/11
2023/04/02 | 12:30:10 | Label: stack 149 is full 11/11
2023/04/02 | 12:30:10 | Label: stack 150 is full 11/11
2023/04/02 | 12:30:10 | Label: stack 151 is full 11/11
2023/04/02 | 12:30:10 | Label: stack 152 is full 11/11
2023/04/02 | 12:30:10 | Label: stack 153 is full 11/11
2023/04/02 | 12:30:10 | Label: stack 154 is full 11/11
2023/04/02 | 12:30:10 | Label: stack 155 is full 11/11
2023/04/02 | 12:30:10 | Label: stack 156 is full 11/11
2023/04/02 | 12:30:10 | Label: stack 157 is full 11/11
2023/04/02 | 12:30:10 | Label: stack 158 is full 11/11
2023/04/02 | 12:30:10 | Label: stack 159 is full 11/11
2023/04/02 | 12:30:10 | Label: stack 160 is full 11/11
2023/04/02 | 12:30:10 | Label: stack 161 is full 11/11
2023/04/02 | 12:30:10 | Label: stack 162 is full 11/11
2023/04/02 | 12:30:10 | Label: stack 163 is full 11/11
2023/04/02 | 12:30:10 | Label: stack 164 is full 11/11
2023/04/02 | 12:30:10 | Label: stack 165 is full 11/11
2023/04/02 | 12:30:10 | Label: stack 166 is full 11/11
2023/04/02 | 12:30:10 | Label: stack 167 is full 11/11
2023/04/02 | 12:30:10 | Label: stack 168 is full 11/11
2023/04/02 | 12:30:10 | Label: stack 169 is full 11/11
2023/04/02 | 12:30:10 | Label: stack 170 is full 11/11
2023/04/02 | 12:30:10 | Label: stack 171 is full 11/11
2023/04/02 | 12:30:10 | Label: stack 172 is full 11/11
2023/04/02 | 12:30:10 | Label: stack 173 is full 11/11
2023/04/02 | 12:30:10 | Label: stack 174 is full 11/11
2023/04/02 | 12:30:10 | Label: stack 175 is full 11/11
2023/04/02 | 12:30:10 | Label: stack 176 is full 11/11
2023/04/02 | 12:30:10 | Label: stack 177 is full 11/11
2023/04/02 | 12:30:10 | Label: stack 178 is full 11/11
2023/04/02 | 12:30:10 | Label: stack 179 is full 11/11
2023/04/02 | 12:30:10 | Label: stack 180 is full 11/11
2023/04/02 | 12:30:10 | Label: stack 181 is full 11/11
2023/04/02 | 12:30:10 | Label: stack 182 is full 11/11
2023/04/02 | 12:30:10 | Label: stack 183 is full 11/11
2023/04/02 | 12:30:10 | Label: stack 184 is full 11/11
2023/04/02 | 12:30:10 | Label: stack 185 is full 11/11
2023/04/02 | 12:30:10 | Label: stack 186 is full 11/11
2023/04/02 | 12:30:10 | Label: stack 187 is full 11/11
2023/04/02 | 12:30:10 | Label: stack 188 is full 11/11
2023/04/02 | 12:30:10 | Label: stack 189 is full 11/11
2023/04/02 | 12:30:10 | Label: stack 190 is full 11/11
2023/04/02 | 12:30:10 | Label: stack 191 is full 11/11
2023/04/02 | 12:30:10 | Label: stack 192 is full 11/11
2023/04/02 | 12:30:10 | Label: stack 193 is full 11/11
2023/04/02 | 12:30:10 | Label: stack 194 is full 11/11
2023/04/02 | 12:30:10 | Label: stack 195 is full 11/11
2023/04/02 | 12:30:10 | Label: stack 196 is full 11/11
2023/04/02 | 12:30:10 | Label: stack 197 is full 11/11
2023/04/02 | 12:30:10 | Label: stack 198 is full 11/11
2023/04/02 | 12:30:10 | Label: stack 199 is full 11/11
2023/04/02 | 12:30:10 | Label: stack 200 is full 11/11
2023/04/02 | 12:30:10 | Label: stack 201 is full 11/11
2023/04/02 | 12:30:10 | Label: stack 202 is full 11/11
2023/04/02 | 12:30:10 | Label: stack 203 is full 11/11
2023/04/02 | 12:30:10 | Label: stack 204 is full 11/11
2023/04/02 | 12:30:10 | Label: stack 205 is full 11/11
2023/04/02 | 12:30:10 | Label: stack 206 is full 11/11
2023/04/02 | 12:30:10 | Label: stack 207 is full 11/11
2023/04/02 | 12:30:10 | Label: stack 208 is full 11/11
2023/04/02 | 12:30:10 | Label: stack 209 is full 11/11
2023/04/02 | 12:30:10 | Label: stack 210 is full 11/11
2023/04/02 | 12:30:10 | Label: stack 211 is full 11/11
2023/04/02 | 12:30:10 | Label: stack 212 is full 11/11
2023/04/02 | 12:30:10 | Label: stack 213 is full 11/11
2023/04/02 | 12:30:10 | Label: stack 214 is full 11/11
2023/04/02 | 12:30:10 | Label: stack 215 is full 11/11
2023/04/02 | 12:30:10 | Label: stack 216 is full 11/11
2023/04/02 | 12:30:10 | Label: stack 217 is full 11/11
2023/04/02 | 12:30:10 | Label: stack 218 is full 11/11
2023/04/02 | 12:30:10 | Label: stack 219 is full 11/11
2023/04/02 | 12:30:10 | Label: stack 220 is full 11/11
2023/04/02 | 12:30:10 | Label: stack 221 is full 11/11
2023/04/02 | 12:30:10 | Label: stack 222 is full 11/11
2023/04/02 | 12:30:10 | Label: stack 223 is full 11/11
2023/04/02 | 12:30:10 | Label: stack 224 is full 11/11
2023/04/02 | 12:30:10 | Label: stack 225 is full 11/11
2023/04/02 | 12:30:10 | Label: stack 226 is full 11/11
2023/04/02 | 12:30:10 | Label: stack 227 is full 11/11
2023/04/02 | 12:30:10 | Label: stack 228 is full 11/11
2023/04/02 | 12:30:10 | Label: stack 229 is full 11/11
2023/04/02 | 12:30:10 | Label: stack 230 is full 11/11
2023/04/02 | 12:30:10 | Label: stack 231 is full 11/11
2023/04/02 | 12:30:10 | Label: stack 232 is full 11/11
2023/04/02 | 12:30:10 | Label: stack 233 is full 11/11
2023/04/02 | 12:30:10 | Label: stack 234 is full 11/11
2023/04/02 | 12:30:10 | Label: stack 235 is full 11/11
2023/04/02 | 12:30:10 | Label: stack 236 is full 11/11
2023/04/02 | 12:30:10 | Label: stack 237 is full 11/11
2023/04/02 | 12:30:10 | Label: stack 238 is full 11/11
2023/04/02 | 12:30:10 | Label: stack 239 is full 11/11
2023/04/02 | 12:30:10 | Label: stack 240 is full 11/11
2023/04/02 | 12:30:10 | Label: stack 241 is full 11/11
2023/04/02 | 12:30:10 | Label: stack 242 is full 11/11
2023/04/02 | 12:30:10 | Label: stack 243 is full 11/11
2023/04/02 | 12:30:10 | Label: stack 244 is full 11/11
2023/04/02 | 12:30:10 | Label: stack 245 is full 11/11
2023/04/02 | 12:30:10 | Label: stack 246 is full 11/11
2023/04/02 | 12:30:10 | Label: stack 247 is full 11/11
2023/04/02 | 12:30:10 | Label: stack 248 is full 11/11
2023/04/02 | 12:30:10 | Label: stack 249 is full 11/11
2023/04/02 | 12:30:10 | Label: stack 250 is full 11/11
2023/04/02 | 12:30:10 | Label: stack 251 is full 11/11
2023/04/02 | 12:30:10 | Label: stack 252 is full 11/11
2023/04/02 | 12:30:10 | Label: stack 253 is full 11/11
2023/04/02 | 12:30:10 | Label: stack 254 is full 11/11
2023/04/02 | 12:30:12 | MC prevFrame ->
2023/04/02 | 12:30:12 | LSC prevFrame: frame 253
2023/04/02 | 12:30:12 | MC prevFrame ->
2023/04/02 | 12:30:12 | LSC prevFrame: frame 252
2023/04/02 | 12:30:12 | MC prevFrame ->
2023/04/02 | 12:30:12 | LSC prevFrame: frame 251
2023/04/02 | 12:30:12 | MC prevFrame ->
2023/04/02 | 12:30:12 | LSC prevFrame: frame 250
2023/04/02 | 12:30:12 | MC prevFrame ->
2023/04/02 | 12:30:12 | LSC prevFrame: frame 249
2023/04/02 | 12:30:12 | MC prevFrame ->
2023/04/02 | 12:30:12 | LSC prevFrame: frame 248
2023/04/02 | 12:30:13 | MC prevFrame ->
2023/04/02 | 12:30:13 | LSC prevFrame: frame 247
2023/04/02 | 12:30:13 | MC prevFrame ->
2023/04/02 | 12:30:13 | LSC prevFrame: frame 246
2023/04/02 | 12:30:13 | MC prevFrame ->
2023/04/02 | 12:30:13 | LSC prevFrame: frame 245
2023/04/02 | 12:30:13 | MC prevFrame ->
2023/04/02 | 12:30:13 | LSC prevFrame: frame 244
2023/04/02 | 12:30:13 | MC prevFrame ->
2023/04/02 | 12:30:13 | LSC prevFrame: frame 243
2023/04/02 | 12:30:14 | MC prevFrame ->
2023/04/02 | 12:30:14 | LSC prevFrame: frame 242
2023/04/02 | 12:30:14 | MC prevFrame ->
2023/04/02 | 12:30:14 | LSC prevFrame: frame 241
2023/04/02 | 12:30:14 | MC prevFrame ->
2023/04/02 | 12:30:14 | LSC prevFrame: frame 240
2023/04/02 | 12:30:14 | MC prevFrame ->
2023/04/02 | 12:30:14 | LSC prevFrame: frame 239
2023/04/02 | 12:30:14 | MC prevFrame ->
2023/04/02 | 12:30:14 | LSC prevFrame: frame 238
2023/04/02 | 12:30:14 | MC prevFrame ->
2023/04/02 | 12:30:14 | LSC prevFrame: frame 237
2023/04/02 | 12:30:15 | MC prevFrame ->
2023/04/02 | 12:30:15 | LSC prevFrame: frame 236
2023/04/02 | 12:30:15 | MC prevFrame ->
2023/04/02 | 12:30:15 | LSC prevFrame: frame 235
2023/04/02 | 12:30:15 | MC prevFrame ->
2023/04/02 | 12:30:15 | LSC prevFrame: frame 234
2023/04/02 | 12:30:15 | MC prevFrame ->
2023/04/02 | 12:30:15 | LSC prevFrame: frame 233
2023/04/02 | 12:30:15 | MC prevFrame ->
2023/04/02 | 12:30:15 | LSC prevFrame: frame 232
2023/04/02 | 12:30:15 | MC prevFrame ->
2023/04/02 | 12:30:15 | LSC prevFrame: frame 231
2023/04/02 | 12:30:15 | MC prevFrame ->
2023/04/02 | 12:30:15 | LSC prevFrame: frame 230
2023/04/02 | 12:30:15 | MC prevFrame ->
2023/04/02 | 12:30:15 | LSC prevFrame: frame 229
2023/04/02 | 12:30:16 | MC prevFrame ->
2023/04/02 | 12:30:16 | LSC prevFrame: frame 228
2023/04/02 | 12:30:16 | MC prevFrame ->
2023/04/02 | 12:30:16 | LSC prevFrame: frame 227
2023/04/02 | 12:30:16 | MC prevFrame ->
2023/04/02 | 12:30:16 | LSC prevFrame: frame 226
2023/04/02 | 12:30:16 | MC prevFrame ->
2023/04/02 | 12:30:16 | LSC prevFrame: frame 225
2023/04/02 | 12:30:16 | MC prevFrame ->
2023/04/02 | 12:30:16 | LSC prevFrame: frame 224
2023/04/02 | 12:30:16 | MC prevFrame ->
2023/04/02 | 12:30:16 | LSC prevFrame: frame 223
2023/04/02 | 12:30:16 | MC prevFrame ->
2023/04/02 | 12:30:16 | LSC prevFrame: frame 222
2023/04/02 | 12:30:17 | MC prevFrame ->
2023/04/02 | 12:30:17 | LSC prevFrame: frame 221
2023/04/02 | 12:30:17 | MC prevFrame ->
2023/04/02 | 12:30:17 | LSC prevFrame: frame 220
2023/04/02 | 12:30:17 | MC prevFrame ->
2023/04/02 | 12:30:17 | LSC prevFrame: frame 219
2023/04/02 | 12:30:17 | MC prevFrame ->
2023/04/02 | 12:30:17 | LSC prevFrame: frame 218
2023/04/02 | 12:30:17 | MC prevFrame ->
2023/04/02 | 12:30:17 | LSC prevFrame: frame 217
2023/04/02 | 12:30:17 | MC prevFrame ->
2023/04/02 | 12:30:17 | LSC prevFrame: frame 216
2023/04/02 | 12:30:17 | MC prevFrame ->
2023/04/02 | 12:30:17 | LSC prevFrame: frame 215
2023/04/02 | 12:30:17 | MC prevFrame ->
2023/04/02 | 12:30:17 | LSC prevFrame: frame 214
2023/04/02 | 12:30:18 | MC prevFrame ->
2023/04/02 | 12:30:18 | LSC prevFrame: frame 213
2023/04/02 | 12:30:18 | MC prevFrame ->
2023/04/02 | 12:30:18 | LSC prevFrame: frame 212
2023/04/02 | 12:30:18 | MC prevFrame ->
2023/04/02 | 12:30:18 | LSC prevFrame: frame 211
2023/04/02 | 12:30:18 | MC prevFrame ->
2023/04/02 | 12:30:18 | LSC prevFrame: frame 210
2023/04/02 | 12:30:18 | MC prevFrame ->
2023/04/02 | 12:30:18 | LSC prevFrame: frame 209
2023/04/02 | 12:30:18 | MC prevFrame ->
2023/04/02 | 12:30:18 | LSC prevFrame: frame 208
2023/04/02 | 12:30:18 | MC prevFrame ->
2023/04/02 | 12:30:18 | LSC prevFrame: frame 207
2023/04/02 | 12:30:19 | MC prevFrame ->
2023/04/02 | 12:30:19 | LSC prevFrame: frame 206
2023/04/02 | 12:30:19 | MC prevFrame ->
2023/04/02 | 12:30:19 | LSC prevFrame: frame 205
2023/04/02 | 12:30:19 | MC prevFrame ->
2023/04/02 | 12:30:19 | LSC prevFrame: frame 204
2023/04/02 | 12:30:19 | MC prevFrame ->
2023/04/02 | 12:30:19 | LSC prevFrame: frame 203
2023/04/02 | 12:30:19 | MC prevFrame ->
2023/04/02 | 12:30:19 | LSC prevFrame: frame 202
2023/04/02 | 12:30:19 | MC prevFrame ->
2023/04/02 | 12:30:19 | LSC prevFrame: frame 201
2023/04/02 | 12:30:19 | MC prevFrame ->
2023/04/02 | 12:30:19 | LSC prevFrame: frame 200
2023/04/02 | 12:30:19 | MC prevFrame ->
2023/04/02 | 12:30:19 | LSC prevFrame: frame 199
2023/04/02 | 12:30:20 | MC prevFrame ->
2023/04/02 | 12:30:20 | LSC prevFrame: frame 198
2023/04/02 | 12:30:20 | MC prevFrame ->
2023/04/02 | 12:30:20 | LSC prevFrame: frame 197
2023/04/02 | 12:30:20 | MC prevFrame ->
2023/04/02 | 12:30:20 | LSC prevFrame: frame 196
2023/04/02 | 12:30:20 | MC prevFrame ->
2023/04/02 | 12:30:20 | LSC prevFrame: frame 195
2023/04/02 | 12:30:20 | MC prevFrame ->
2023/04/02 | 12:30:20 | LSC prevFrame: frame 194
2023/04/02 | 12:30:20 | MC prevFrame ->
2023/04/02 | 12:30:20 | LSC prevFrame: frame 193
2023/04/02 | 12:30:20 | MC prevFrame ->
2023/04/02 | 12:30:20 | LSC prevFrame: frame 192
2023/04/02 | 12:30:21 | MC prevFrame ->
2023/04/02 | 12:30:21 | LSC prevFrame: frame 191
2023/04/02 | 12:30:21 | MC prevFrame ->
2023/04/02 | 12:30:21 | LSC prevFrame: frame 190
2023/04/02 | 12:30:21 | MC prevFrame ->
2023/04/02 | 12:30:21 | LSC prevFrame: frame 189
2023/04/02 | 12:30:21 | MC prevFrame ->
2023/04/02 | 12:30:21 | LSC prevFrame: frame 188
2023/04/02 | 12:30:21 | MC prevFrame ->
2023/04/02 | 12:30:21 | LSC prevFrame: frame 187
2023/04/02 | 12:30:21 | MC prevFrame ->
2023/04/02 | 12:30:21 | LSC prevFrame: frame 186
2023/04/02 | 12:30:21 | MC prevFrame ->
2023/04/02 | 12:30:21 | LSC prevFrame: frame 185
2023/04/02 | 12:30:21 | MC prevFrame ->
2023/04/02 | 12:30:21 | LSC prevFrame: frame 184
2023/04/02 | 12:30:22 | MC prevFrame ->
2023/04/02 | 12:30:22 | LSC prevFrame: frame 183
2023/04/02 | 12:30:22 | MC prevFrame ->
2023/04/02 | 12:30:22 | LSC prevFrame: frame 182
2023/04/02 | 12:30:22 | MC prevFrame ->
2023/04/02 | 12:30:22 | LSC prevFrame: frame 181
2023/04/02 | 12:30:22 | MC prevFrame ->
2023/04/02 | 12:30:22 | LSC prevFrame: frame 180
2023/04/02 | 12:30:22 | MC prevFrame ->
2023/04/02 | 12:30:22 | LSC prevFrame: frame 179
2023/04/02 | 12:30:22 | MC prevFrame ->
2023/04/02 | 12:30:22 | LSC prevFrame: frame 178
2023/04/02 | 12:30:22 | MC prevFrame ->
2023/04/02 | 12:30:22 | LSC prevFrame: frame 177
2023/04/02 | 12:30:23 | MC prevFrame ->
2023/04/02 | 12:30:23 | LSC prevFrame: frame 176
2023/04/02 | 12:30:23 | MC prevFrame ->
2023/04/02 | 12:30:23 | LSC prevFrame: frame 175
2023/04/02 | 12:30:23 | MC prevFrame ->
2023/04/02 | 12:30:23 | LSC prevFrame: frame 174
2023/04/02 | 12:30:23 | MC prevFrame ->
2023/04/02 | 12:30:23 | LSC prevFrame: frame 173
2023/04/02 | 12:30:23 | MC prevFrame ->
2023/04/02 | 12:30:23 | LSC prevFrame: frame 172
2023/04/02 | 12:30:23 | MC prevFrame ->
2023/04/02 | 12:30:23 | LSC prevFrame: frame 171
2023/04/02 | 12:30:23 | MC prevFrame ->
2023/04/02 | 12:30:23 | LSC prevFrame: frame 170
2023/04/02 | 12:30:24 | MC prevFrame ->
2023/04/02 | 12:30:24 | LSC prevFrame: frame 169
2023/04/02 | 12:30:24 | MC prevFrame ->
2023/04/02 | 12:30:24 | LSC prevFrame: frame 168
2023/04/02 | 12:30:24 | MC prevFrame ->
2023/04/02 | 12:30:24 | LSC prevFrame: frame 167
2023/04/02 | 12:30:24 | MC prevFrame ->
2023/04/02 | 12:30:24 | LSC prevFrame: frame 166
2023/04/02 | 12:30:24 | MC prevFrame ->
2023/04/02 | 12:30:24 | LSC prevFrame: frame 165
2023/04/02 | 12:30:24 | MC prevFrame ->
2023/04/02 | 12:30:24 | LSC prevFrame: frame 164
2023/04/02 | 12:30:25 | MC prevFrame ->
2023/04/02 | 12:30:25 | LSC prevFrame: frame 163
2023/04/02 | 12:30:26 | MC nextFrame ->
2023/04/02 | 12:30:26 | LSC nextFrame: frame 164
2023/04/02 | 12:30:26 | MC nextFrame ->
2023/04/02 | 12:30:26 | LSC nextFrame: frame 165
2023/04/02 | 12:30:26 | MC nextFrame ->
2023/04/02 | 12:30:26 | LSC nextFrame: frame 166
2023/04/02 | 12:30:26 | MC nextFrame ->
2023/04/02 | 12:30:26 | LSC nextFrame: frame 167
2023/04/02 | 12:30:27 | MC nextFrame ->
2023/04/02 | 12:30:27 | LSC nextFrame: frame 168
2023/04/02 | 12:30:27 | MC nextFrame ->
2023/04/02 | 12:30:27 | LSC nextFrame: frame 169
2023/04/02 | 12:30:27 | MC nextFrame ->
2023/04/02 | 12:30:27 | LSC nextFrame: frame 170
2023/04/02 | 12:30:27 | MC nextFrame ->
2023/04/02 | 12:30:27 | LSC nextFrame: frame 171
2023/04/02 | 12:30:27 | MC nextFrame ->
2023/04/02 | 12:30:27 | LSC nextFrame: frame 172
2023/04/02 | 12:30:27 | MC nextFrame ->
2023/04/02 | 12:30:27 | LSC nextFrame: frame 173
2023/04/02 | 12:30:27 | MC nextFrame ->
2023/04/02 | 12:30:27 | LSC nextFrame: frame 174
2023/04/02 | 12:30:28 | MC nextFrame ->
2023/04/02 | 12:30:28 | LSC nextFrame: frame 175
2023/04/02 | 12:30:28 | MC nextFrame ->
2023/04/02 | 12:30:28 | LSC nextFrame: frame 176
2023/04/02 | 12:30:28 | MC nextFrame ->
2023/04/02 | 12:30:28 | LSC nextFrame: frame 177
2023/04/02 | 12:30:28 | MC nextFrame ->
2023/04/02 | 12:30:28 | LSC nextFrame: frame 178
2023/04/02 | 12:30:28 | MC nextFrame ->
2023/04/02 | 12:30:28 | LSC nextFrame: frame 179
2023/04/02 | 12:30:28 | MC nextFrame ->
2023/04/02 | 12:30:28 | LSC nextFrame: frame 180
2023/04/02 | 12:30:28 | MC nextFrame ->
2023/04/02 | 12:30:28 | LSC nextFrame: frame 181
2023/04/02 | 12:30:28 | MC nextFrame ->
2023/04/02 | 12:30:28 | LSC nextFrame: frame 182
2023/04/02 | 12:30:29 | MC nextFrame ->
2023/04/02 | 12:30:29 | LSC nextFrame: frame 183
2023/04/02 | 12:30:29 | MC nextFrame ->
2023/04/02 | 12:30:29 | LSC nextFrame: frame 184
2023/04/02 | 12:30:29 | MC nextFrame ->
2023/04/02 | 12:30:29 | LSC nextFrame: frame 185
2023/04/02 | 12:30:29 | MC nextFrame ->
2023/04/02 | 12:30:29 | LSC nextFrame: frame 186
2023/04/02 | 12:30:29 | MC nextFrame ->
2023/04/02 | 12:30:29 | LSC nextFrame: frame 187
2023/04/02 | 12:30:29 | MC nextFrame ->
2023/04/02 | 12:30:29 | LSC nextFrame: frame 188
2023/04/02 | 12:30:29 | MC nextFrame ->
2023/04/02 | 12:30:29 | LSC nextFrame: frame 189
2023/04/02 | 12:30:30 | MC nextFrame ->
2023/04/02 | 12:30:30 | LSC nextFrame: frame 190
2023/04/02 | 12:30:30 | MC nextFrame ->
2023/04/02 | 12:30:30 | LSC nextFrame: frame 191
2023/04/02 | 12:30:30 | MC nextFrame ->
2023/04/02 | 12:30:30 | LSC nextFrame: frame 192
2023/04/02 | 12:30:30 | MC nextFrame ->
2023/04/02 | 12:30:30 | LSC nextFrame: frame 193
2023/04/02 | 12:30:30 | MC nextFrame ->
2023/04/02 | 12:30:30 | LSC nextFrame: frame 194
2023/04/02 | 12:30:30 | MC nextFrame ->
2023/04/02 | 12:30:30 | LSC nextFrame: frame 195
2023/04/02 | 12:30:31 | MC nextFrame ->
2023/04/02 | 12:30:31 | LSC nextFrame: frame 196
2023/04/02 | 12:30:31 | MC nextFrame ->
2023/04/02 | 12:30:31 | LSC nextFrame: frame 197
2023/04/02 | 12:30:31 | MC nextFrame ->
2023/04/02 | 12:30:31 | LSC nextFrame: frame 198
2023/04/02 | 12:30:31 | MC nextFrame ->
2023/04/02 | 12:30:31 | LSC nextFrame: frame 199
2023/04/02 | 12:30:31 | MC nextFrame ->
2023/04/02 | 12:30:31 | LSC nextFrame: frame 200
2023/04/02 | 12:30:31 | MC nextFrame ->
2023/04/02 | 12:30:31 | LSC nextFrame: frame 201
2023/04/02 | 12:30:31 | MC nextFrame ->
2023/04/02 | 12:30:31 | LSC nextFrame: frame 202
2023/04/02 | 12:30:31 | MC nextFrame ->
2023/04/02 | 12:30:31 | LSC nextFrame: frame 203
2023/04/02 | 12:30:32 | MC nextFrame ->
2023/04/02 | 12:30:32 | LSC nextFrame: frame 204
2023/04/02 | 12:30:32 | MC nextFrame ->
2023/04/02 | 12:30:32 | LSC nextFrame: frame 205
2023/04/02 | 12:30:32 | MC nextFrame ->
2023/04/02 | 12:30:32 | LSC nextFrame: frame 206
2023/04/02 | 12:30:32 | MC nextFrame ->
2023/04/02 | 12:30:32 | LSC nextFrame: frame 207
2023/04/02 | 12:30:32 | MC nextFrame ->
2023/04/02 | 12:30:32 | LSC nextFrame: frame 208
2023/04/02 | 12:30:32 | MC nextFrame ->
2023/04/02 | 12:30:32 | LSC nextFrame: frame 209
2023/04/02 | 12:30:32 | MC nextFrame ->
2023/04/02 | 12:30:32 | LSC nextFrame: frame 210
2023/04/02 | 12:30:33 | MC nextFrame ->
2023/04/02 | 12:30:33 | LSC nextFrame: frame 211
2023/04/02 | 12:30:33 | MC nextFrame ->
2023/04/02 | 12:30:33 | LSC nextFrame: frame 212
2023/04/02 | 12:30:33 | MC nextFrame ->
2023/04/02 | 12:30:33 | LSC nextFrame: frame 213
2023/04/02 | 12:30:33 | MC nextFrame ->
2023/04/02 | 12:30:33 | LSC nextFrame: frame 214
2023/04/02 | 12:30:33 | MC nextFrame ->
2023/04/02 | 12:30:33 | LSC nextFrame: frame 215
2023/04/02 | 12:30:33 | MC nextFrame ->
2023/04/02 | 12:30:33 | LSC nextFrame: frame 216
2023/04/02 | 12:30:34 | MC nextFrame ->
2023/04/02 | 12:30:34 | LSC nextFrame: frame 217
2023/04/02 | 12:30:34 | MC nextFrame ->
2023/04/02 | 12:30:34 | LSC nextFrame: frame 218
2023/04/02 | 12:30:34 | MC nextFrame ->
2023/04/02 | 12:30:34 | LSC nextFrame: frame 219
2023/04/02 | 12:30:34 | MC nextFrame ->
2023/04/02 | 12:30:34 | LSC nextFrame: frame 220
2023/04/02 | 12:30:34 | MC nextFrame ->
2023/04/02 | 12:30:34 | LSC nextFrame: frame 221
2023/04/02 | 12:30:34 | MC nextFrame ->
2023/04/02 | 12:30:34 | LSC nextFrame: frame 222
2023/04/02 | 12:30:34 | MC nextFrame ->
2023/04/02 | 12:30:34 | LSC nextFrame: frame 223
2023/04/02 | 12:30:35 | MC nextFrame ->
2023/04/02 | 12:30:35 | LSC nextFrame: frame 224
2023/04/02 | 12:30:35 | MC nextFrame ->
2023/04/02 | 12:30:35 | LSC nextFrame: frame 225
2023/04/02 | 12:30:35 | MC nextFrame ->
2023/04/02 | 12:30:35 | LSC nextFrame: frame 226
2023/04/02 | 12:30:35 | MC nextFrame ->
2023/04/02 | 12:30:35 | LSC nextFrame: frame 227
2023/04/02 | 12:30:35 | MC nextFrame ->
2023/04/02 | 12:30:35 | LSC nextFrame: frame 228
2023/04/02 | 12:30:35 | MC nextFrame ->
2023/04/02 | 12:30:35 | LSC nextFrame: frame 229
2023/04/02 | 12:30:35 | MC nextFrame ->
2023/04/02 | 12:30:35 | LSC nextFrame: frame 230
2023/04/02 | 12:30:36 | MC nextFrame ->
2023/04/02 | 12:30:36 | LSC nextFrame: frame 231
2023/04/02 | 12:30:36 | MC nextFrame ->
2023/04/02 | 12:30:36 | LSC nextFrame: frame 232
2023/04/02 | 12:30:36 | MC nextFrame ->
2023/04/02 | 12:30:36 | LSC nextFrame: frame 233
2023/04/02 | 12:30:36 | MC nextFrame ->
2023/04/02 | 12:30:36 | LSC nextFrame: frame 234
2023/04/02 | 12:30:36 | MC nextFrame ->
2023/04/02 | 12:30:36 | LSC nextFrame: frame 235
2023/04/02 | 12:30:36 | MC nextFrame ->
2023/04/02 | 12:30:36 | LSC nextFrame: frame 236
2023/04/02 | 12:30:36 | MC nextFrame ->
2023/04/02 | 12:30:36 | LSC nextFrame: frame 237
2023/04/02 | 12:30:37 | MC nextFrame ->
2023/04/02 | 12:30:37 | LSC nextFrame: frame 238
2023/04/02 | 12:30:37 | MC nextFrame ->
2023/04/02 | 12:30:37 | LSC nextFrame: frame 239
2023/04/02 | 12:30:37 | MC nextFrame ->
2023/04/02 | 12:30:37 | LSC nextFrame: frame 240
2023/04/02 | 12:30:37 | MC nextFrame ->
2023/04/02 | 12:30:37 | LSC nextFrame: frame 241
2023/04/02 | 12:30:38 | MC nextFrame ->
2023/04/02 | 12:30:38 | LSC nextFrame: frame 242
2023/04/02 | 12:30:38 | MC nextFrame ->
2023/04/02 | 12:30:38 | LSC nextFrame: frame 243
2023/04/02 | 12:30:38 | MC nextFrame ->
2023/04/02 | 12:30:38 | LSC nextFrame: frame 244
2023/04/02 | 12:30:38 | MC nextFrame ->
2023/04/02 | 12:30:38 | LSC nextFrame: frame 245
2023/04/02 | 12:30:38 | MC nextFrame ->
2023/04/02 | 12:30:38 | LSC nextFrame: frame 246
2023/04/02 | 12:30:38 | MC nextFrame ->
2023/04/02 | 12:30:38 | LSC nextFrame: frame 247
2023/04/02 | 12:30:39 | MC nextFrame ->
2023/04/02 | 12:30:39 | LSC nextFrame: frame 248
2023/04/02 | 12:30:39 | MC nextFrame ->
2023/04/02 | 12:30:39 | LSC nextFrame: frame 249
2023/04/02 | 12:30:39 | MC nextFrame ->
2023/04/02 | 12:30:39 | LSC nextFrame: frame 250
2023/04/02 | 12:30:39 | MC nextFrame ->
2023/04/02 | 12:30:39 | LSC nextFrame: frame 251
2023/04/02 | 12:30:39 | MC nextFrame ->
2023/04/02 | 12:30:39 | LSC nextFrame: frame 252
2023/04/02 | 12:30:39 | MC nextFrame ->
2023/04/02 | 12:30:39 | LSC nextFrame: frame 253
2023/04/02 | 12:30:40 | MC nextFrame ->
2023/04/02 | 12:30:40 | LSC nextFrame: frame 254
2023/04/02 | 12:30:40 | MC nextFrame ->
2023/04/02 | 12:30:40 | LSC nextFrame: frame 254
2023/04/02 | 12:30:40 | MC nextFrame ->
2023/04/02 | 12:30:40 | LSC nextFrame: frame 254
2023/04/02 | 12:30:40 | MC nextFrame ->
2023/04/02 | 12:30:40 | LSC nextFrame: frame 254
2023/04/02 | 12:30:40 | MC nextFrame ->
2023/04/02 | 12:30:40 | LSC nextFrame: frame 254
